<?xml version="1.0" encoding="UTF-8"?>
<!-- Generated by org.testng.reporters.JUnitXMLReporter -->
<testsuite ignored="0" hostname="DESKTOP-8D801LO" failures="0" tests="3" name="Default test" time="98.419" errors="0" timestamp="2025-04-16T23:52:56 IST">
  <testcase classname="com.qa.crm.testcases.HomePageTest" name="validateHomePageTitleTest" time="0.038"/>
  <testcase classname="com.qa.crm.testcases.HomePageTest" name="verifyLoginUserNameTest" time="0.176"/>
  <testcase classname="com.qa.crm.testcases.HomePageTest" name="clickOnContactsLinkTest" time="0.857"/>
</testsuite> <!-- Default test -->
