<?xml version="1.0" encoding="UTF-8"?>
<!-- Generated by org.testng.reporters.JUnitXMLReporter -->
<testsuite ignored="0" hostname="DESKTOP-8D801LO" failures="0" tests="13" name="Test" time="399.81" errors="0" timestamp="2025-04-18T16:49:53 IST">
  <testcase classname="com.qa.crm.testcases.HomePageTest" name="validateHomePageTitleTest" time="0.029"/>
  <testcase classname="com.qa.crm.testcases.HomePageTest" name="verifyLoginUserNameTest" time="0.207"/>
  <testcase classname="com.qa.crm.testcases.HomePageTest" name="clickOnContactsLinkTest" time="1.034"/>
  <testcase classname="com.qa.crm.testcases.ContactsPageTest" name="verifyContactsPageLableTest" time="1.269"/>
  <testcase classname="com.qa.crm.testcases.ContactsPageTest" name="verifySelectMultipleContacts" time="1.413"/>
  <testcase classname="com.qa.crm.testcases.ContactsPageTest" name="verifySelectSingleContacts" time="1.46"/>
  <testcase classname="com.qa.crm.testcases.ContactsPageTest" name="verifyCreateNewContacts" time="8.907"/>
  <testcase classname="com.qa.crm.testcases.ContactsPageTest" name="verifyCreateNewContacts" time="8.756"/>
  <testcase classname="com.qa.crm.testcases.ContactsPageTest" name="verifyCreateNewContacts" time="6.633"/>
  <testcase classname="com.qa.crm.testcases.ContactsPageTest" name="verifyCreateNewContacts" time="6.301"/>
  <testcase classname="com.qa.crm.testcases.LoginPageTest" name="validateLoginPageTitleTest" time="0.058"/>
  <testcase classname="com.qa.crm.testcases.LoginPageTest" name="validateLoginPageLogoTest" time="0.092"/>
  <testcase classname="com.qa.crm.testcases.LoginPageTest" name="logiTest" time="13.305"/>
</testsuite> <!-- Test -->
