<?xml version="1.0" encoding="UTF-8"?>
<testsuite xmlns:xsi="http://www.w3.org/2001/XMLSchema-instance" xsi:noNamespaceSchemaLocation="https://maven.apache.org/surefire/maven-surefire-plugin/xsd/surefire-test-report.xsd" name="TestSuite" time="402.636" tests="13" errors="0" skipped="0" failures="0">
  <properties>
[...]
</properties>
  <testcase name="validateHomePageTitleTest" classname="com.qa.crm.testcases.HomePageTest" time="0.027"/>
  <testcase name="verifyLoginUserNameTest" classname="com.qa.crm.testcases.HomePageTest" time="0.208"/>
  <testcase name="clickOnContactsLinkTest" classname="com.qa.crm.testcases.HomePageTest" time="1.035"/>
  <testcase name="verifyContactsPageLableTest" classname="com.qa.crm.testcases.ContactsPageTest" time="1.265"/>
  <testcase name="verifySelectMultipleContacts" classname="com.qa.crm.testcases.ContactsPageTest" time="1.405"/>
  <testcase name="verifySelectSingleContacts" classname="com.qa.crm.testcases.ContactsPageTest" time="1.457"/>
  <testcase name="verifyCreateNewContacts" classname="com.qa.crm.testcases.ContactsPageTest" time="8.907"/>
  <testcase name="verifyCreateNewContacts" classname="com.qa.crm.testcases.ContactsPageTest" time="8.749"/>
  <testcase name="verifyCreateNewContacts" classname="com.qa.crm.testcases.ContactsPageTest" time="6.632"/>
  <testcase name="verifyCreateNewContacts" classname="com.qa.crm.testcases.ContactsPageTest" time="6.299"/>
  <testcase name="validateLoginPageTitleTest" classname="com.qa.crm.testcases.LoginPageTest" time="0.057"/>
  <testcase name="validateLoginPageLogoTest" classname="com.qa.crm.testcases.LoginPageTest" time="0.092"/>
  <testcase name="logiTest" classname="com.qa.crm.testcases.LoginPageTest" time="13.295"/>
</testsuite>