<?xml version="1.0" encoding="UTF-8"?>
<testng-results ignored="0" total="13" passed="13" failed="0" skipped="0">
  <reporter-output>
  </reporter-output>
  <suite started-at="2025-04-18T16:43:13 IST" name="Suite" finished-at="2025-04-18T16:49:53 IST" duration-ms="399810">
    <groups>
    </groups>
    <test started-at="2025-04-18T16:43:13 IST" name="Test" finished-at="2025-04-18T16:49:53 IST" duration-ms="399810">
      <class name="com.qa.crm.testcases.LoginPageTest">
        <test-method is-config="true" signature="setUp()[pri:0, instance:com.qa.crm.testcases.LoginPageTest@5c6648b0]" started-at="2025-04-18T16:48:58 IST" name="setUp" finished-at="2025-04-18T16:49:12 IST" duration-ms="13877" status="PASS">
          <reporter-output>
          </reporter-output>
        </test-method> <!-- setUp -->
        <test-method signature="validateLoginPageTitleTest()[pri:1, instance:com.qa.crm.testcases.LoginPageTest@5c6648b0]" started-at="2025-04-18T16:49:12 IST" name="validateLoginPageTitleTest" finished-at="2025-04-18T16:49:12 IST" duration-ms="58" status="PASS">
          <reporter-output>
          </reporter-output>
        </test-method> <!-- validateLoginPageTitleTest -->
        <test-method is-config="true" signature="tearDown()[pri:0, instance:com.qa.crm.testcases.LoginPageTest@5c6648b0]" started-at="2025-04-18T16:49:12 IST" name="tearDown" finished-at="2025-04-18T16:49:12 IST" duration-ms="236" status="PASS">
          <reporter-output>
          </reporter-output>
        </test-method> <!-- tearDown -->
        <test-method is-config="true" signature="setUp()[pri:0, instance:com.qa.crm.testcases.LoginPageTest@5c6648b0]" started-at="2025-04-18T16:49:12 IST" name="setUp" finished-at="2025-04-18T16:49:25 IST" duration-ms="12859" status="PASS">
          <reporter-output>
          </reporter-output>
        </test-method> <!-- setUp -->
        <test-method signature="validateLoginPageLogoTest()[pri:2, instance:com.qa.crm.testcases.LoginPageTest@5c6648b0]" started-at="2025-04-18T16:49:25 IST" name="validateLoginPageLogoTest" finished-at="2025-04-18T16:49:25 IST" duration-ms="92" status="PASS">
          <reporter-output>
          </reporter-output>
        </test-method> <!-- validateLoginPageLogoTest -->
        <test-method is-config="true" signature="tearDown()[pri:0, instance:com.qa.crm.testcases.LoginPageTest@5c6648b0]" started-at="2025-04-18T16:49:25 IST" name="tearDown" finished-at="2025-04-18T16:49:25 IST" duration-ms="211" status="PASS">
          <reporter-output>
          </reporter-output>
        </test-method> <!-- tearDown -->
        <test-method is-config="true" signature="setUp()[pri:0, instance:com.qa.crm.testcases.LoginPageTest@5c6648b0]" started-at="2025-04-18T16:49:25 IST" name="setUp" finished-at="2025-04-18T16:49:39 IST" duration-ms="14044" status="PASS">
          <reporter-output>
          </reporter-output>
        </test-method> <!-- setUp -->
        <test-method signature="logiTest()[pri:3, instance:com.qa.crm.testcases.LoginPageTest@5c6648b0]" started-at="2025-04-18T16:49:39 IST" name="logiTest" finished-at="2025-04-18T16:49:52 IST" duration-ms="13305" status="PASS">
          <reporter-output>
          </reporter-output>
        </test-method> <!-- logiTest -->
        <test-method is-config="true" signature="tearDown()[pri:0, instance:com.qa.crm.testcases.LoginPageTest@5c6648b0]" started-at="2025-04-18T16:49:52 IST" name="tearDown" finished-at="2025-04-18T16:49:53 IST" duration-ms="280" status="PASS">
          <reporter-output>
          </reporter-output>
        </test-method> <!-- tearDown -->
      </class> <!-- com.qa.crm.testcases.LoginPageTest -->
      <class name="com.qa.crm.testcases.ContactsPageTest">
        <test-method is-config="true" signature="SetUp()[pri:0, instance:com.qa.crm.testcases.ContactsPageTest@2a4fb17b]" started-at="2025-04-18T16:44:51 IST" name="SetUp" finished-at="2025-04-18T16:45:21 IST" duration-ms="29416" status="PASS">
          <reporter-output>
          </reporter-output>
        </test-method> <!-- SetUp -->
        <test-method signature="verifyContactsPageLableTest()[pri:1, instance:com.qa.crm.testcases.ContactsPageTest@2a4fb17b]" started-at="2025-04-18T16:45:21 IST" name="verifyContactsPageLableTest" finished-at="2025-04-18T16:45:22 IST" duration-ms="1269" status="PASS">
          <reporter-output>
          </reporter-output>
        </test-method> <!-- verifyContactsPageLableTest -->
        <test-method is-config="true" signature="tearDown()[pri:0, instance:com.qa.crm.testcases.ContactsPageTest@2a4fb17b]" started-at="2025-04-18T16:45:22 IST" name="tearDown" finished-at="2025-04-18T16:45:22 IST" duration-ms="254" status="PASS">
          <reporter-output>
          </reporter-output>
        </test-method> <!-- tearDown -->
        <test-method is-config="true" signature="SetUp()[pri:0, instance:com.qa.crm.testcases.ContactsPageTest@2a4fb17b]" started-at="2025-04-18T16:45:22 IST" name="SetUp" finished-at="2025-04-18T16:45:50 IST" duration-ms="28355" status="PASS">
          <reporter-output>
          </reporter-output>
        </test-method> <!-- SetUp -->
        <test-method signature="verifySelectMultipleContacts()[pri:2, instance:com.qa.crm.testcases.ContactsPageTest@2a4fb17b]" started-at="2025-04-18T16:45:50 IST" name="verifySelectMultipleContacts" finished-at="2025-04-18T16:45:52 IST" duration-ms="1413" status="PASS">
          <reporter-output>
          </reporter-output>
        </test-method> <!-- verifySelectMultipleContacts -->
        <test-method is-config="true" signature="tearDown()[pri:0, instance:com.qa.crm.testcases.ContactsPageTest@2a4fb17b]" started-at="2025-04-18T16:45:52 IST" name="tearDown" finished-at="2025-04-18T16:45:52 IST" duration-ms="348" status="PASS">
          <reporter-output>
          </reporter-output>
        </test-method> <!-- tearDown -->
        <test-method is-config="true" signature="SetUp()[pri:0, instance:com.qa.crm.testcases.ContactsPageTest@2a4fb17b]" started-at="2025-04-18T16:45:52 IST" name="SetUp" finished-at="2025-04-18T16:46:21 IST" duration-ms="28691" status="PASS">
          <reporter-output>
          </reporter-output>
        </test-method> <!-- SetUp -->
        <test-method signature="verifySelectSingleContacts()[pri:2, instance:com.qa.crm.testcases.ContactsPageTest@2a4fb17b]" started-at="2025-04-18T16:46:21 IST" name="verifySelectSingleContacts" finished-at="2025-04-18T16:46:22 IST" duration-ms="1460" status="PASS">
          <reporter-output>
          </reporter-output>
        </test-method> <!-- verifySelectSingleContacts -->
        <test-method is-config="true" signature="tearDown()[pri:0, instance:com.qa.crm.testcases.ContactsPageTest@2a4fb17b]" started-at="2025-04-18T16:46:22 IST" name="tearDown" finished-at="2025-04-18T16:46:23 IST" duration-ms="535" status="PASS">
          <reporter-output>
          </reporter-output>
        </test-method> <!-- tearDown -->
        <test-method is-config="true" signature="SetUp()[pri:0, instance:com.qa.crm.testcases.ContactsPageTest@2a4fb17b]" started-at="2025-04-18T16:46:26 IST" name="SetUp" finished-at="2025-04-18T16:46:57 IST" duration-ms="31199" status="PASS">
          <reporter-output>
          </reporter-output>
        </test-method> <!-- SetUp -->
        <test-method signature="verifyCreateNewContacts(java.lang.String,java.lang.String,java.lang.String,java.lang.String)[pri:4, instance:com.qa.crm.testcases.ContactsPageTest@2a4fb17b]" started-at="2025-04-18T16:46:57 IST" name="verifyCreateNewContacts" data-provider="getCRMTestData" finished-at="2025-04-18T16:47:06 IST" duration-ms="8907" status="PASS">
          <params>
            <param index="0">
              <value>
                <![CDATA[Mr.]]>
              </value>
            </param>
            <param index="1">
              <value>
                <![CDATA[Mahesh]]>
              </value>
            </param>
            <param index="2">
              <value>
                <![CDATA[Wadgure]]>
              </value>
            </param>
            <param index="3">
              <value>
                <![CDATA[Vicon]]>
              </value>
            </param>
          </params>
          <reporter-output>
          </reporter-output>
        </test-method> <!-- verifyCreateNewContacts -->
        <test-method is-config="true" signature="tearDown()[pri:0, instance:com.qa.crm.testcases.ContactsPageTest@2a4fb17b]" started-at="2025-04-18T16:47:06 IST" name="tearDown" finished-at="2025-04-18T16:47:07 IST" duration-ms="996" status="PASS">
          <reporter-output>
          </reporter-output>
        </test-method> <!-- tearDown -->
        <test-method is-config="true" signature="SetUp()[pri:0, instance:com.qa.crm.testcases.ContactsPageTest@2a4fb17b]" started-at="2025-04-18T16:47:07 IST" name="SetUp" finished-at="2025-04-18T16:47:37 IST" duration-ms="29321" status="PASS">
          <reporter-output>
          </reporter-output>
        </test-method> <!-- SetUp -->
        <test-method signature="verifyCreateNewContacts(java.lang.String,java.lang.String,java.lang.String,java.lang.String)[pri:4, instance:com.qa.crm.testcases.ContactsPageTest@2a4fb17b]" started-at="2025-04-18T16:47:37 IST" name="verifyCreateNewContacts" data-provider="getCRMTestData" finished-at="2025-04-18T16:47:45 IST" duration-ms="8756" status="PASS">
          <params>
            <param index="0">
              <value>
                <![CDATA[Mr.]]>
              </value>
            </param>
            <param index="1">
              <value>
                <![CDATA[Ramesh]]>
              </value>
            </param>
            <param index="2">
              <value>
                <![CDATA[Vanve]]>
              </value>
            </param>
            <param index="3">
              <value>
                <![CDATA[ChandaCoalMine]]>
              </value>
            </param>
          </params>
          <reporter-output>
          </reporter-output>
        </test-method> <!-- verifyCreateNewContacts -->
        <test-method is-config="true" signature="tearDown()[pri:0, instance:com.qa.crm.testcases.ContactsPageTest@2a4fb17b]" started-at="2025-04-18T16:47:45 IST" name="tearDown" finished-at="2025-04-18T16:47:46 IST" duration-ms="570" status="PASS">
          <reporter-output>
          </reporter-output>
        </test-method> <!-- tearDown -->
        <test-method is-config="true" signature="SetUp()[pri:0, instance:com.qa.crm.testcases.ContactsPageTest@2a4fb17b]" started-at="2025-04-18T16:47:46 IST" name="SetUp" finished-at="2025-04-18T16:48:16 IST" duration-ms="29515" status="PASS">
          <reporter-output>
          </reporter-output>
        </test-method> <!-- SetUp -->
        <test-method signature="verifyCreateNewContacts(java.lang.String,java.lang.String,java.lang.String,java.lang.String)[pri:4, instance:com.qa.crm.testcases.ContactsPageTest@2a4fb17b]" started-at="2025-04-18T16:48:16 IST" name="verifyCreateNewContacts" data-provider="getCRMTestData" finished-at="2025-04-18T16:48:22 IST" duration-ms="6633" status="PASS">
          <params>
            <param index="0">
              <value>
                <![CDATA[Mr.]]>
              </value>
            </param>
            <param index="1">
              <value>
                <![CDATA[Vishal]]>
              </value>
            </param>
            <param index="2">
              <value>
                <![CDATA[Dhote]]>
              </value>
            </param>
            <param index="3">
              <value>
                <![CDATA[Cognizant]]>
              </value>
            </param>
          </params>
          <reporter-output>
          </reporter-output>
        </test-method> <!-- verifyCreateNewContacts -->
        <test-method is-config="true" signature="tearDown()[pri:0, instance:com.qa.crm.testcases.ContactsPageTest@2a4fb17b]" started-at="2025-04-18T16:48:22 IST" name="tearDown" finished-at="2025-04-18T16:48:23 IST" duration-ms="648" status="PASS">
          <reporter-output>
          </reporter-output>
        </test-method> <!-- tearDown -->
        <test-method is-config="true" signature="SetUp()[pri:0, instance:com.qa.crm.testcases.ContactsPageTest@2a4fb17b]" started-at="2025-04-18T16:48:23 IST" name="SetUp" finished-at="2025-04-18T16:48:51 IST" duration-ms="28018" status="PASS">
          <reporter-output>
          </reporter-output>
        </test-method> <!-- SetUp -->
        <test-method signature="verifyCreateNewContacts(java.lang.String,java.lang.String,java.lang.String,java.lang.String)[pri:4, instance:com.qa.crm.testcases.ContactsPageTest@2a4fb17b]" started-at="2025-04-18T16:48:51 IST" name="verifyCreateNewContacts" data-provider="getCRMTestData" finished-at="2025-04-18T16:48:57 IST" duration-ms="6301" status="PASS">
          <params>
            <param index="0">
              <value>
                <![CDATA[Mr.]]>
              </value>
            </param>
            <param index="1">
              <value>
                <![CDATA[Mandar]]>
              </value>
            </param>
            <param index="2">
              <value>
                <![CDATA[Musrif]]>
              </value>
            </param>
            <param index="3">
              <value>
                <![CDATA[Vicon]]>
              </value>
            </param>
          </params>
          <reporter-output>
          </reporter-output>
        </test-method> <!-- verifyCreateNewContacts -->
        <test-method is-config="true" signature="tearDown()[pri:0, instance:com.qa.crm.testcases.ContactsPageTest@2a4fb17b]" started-at="2025-04-18T16:48:57 IST" name="tearDown" finished-at="2025-04-18T16:48:58 IST" duration-ms="508" status="PASS">
          <reporter-output>
          </reporter-output>
        </test-method> <!-- tearDown -->
      </class> <!-- com.qa.crm.testcases.ContactsPageTest -->
      <class name="com.qa.crm.testcases.HomePageTest">
        <test-method is-config="true" signature="SetUp()[pri:0, instance:com.qa.crm.testcases.HomePageTest@5be6e01c]" started-at="2025-04-18T16:43:13 IST" name="SetUp" finished-at="2025-04-18T16:43:52 IST" duration-ms="39303" status="PASS">
          <reporter-output>
          </reporter-output>
        </test-method> <!-- SetUp -->
        <test-method signature="validateHomePageTitleTest()[pri:1, instance:com.qa.crm.testcases.HomePageTest@5be6e01c]" started-at="2025-04-18T16:43:52 IST" name="validateHomePageTitleTest" finished-at="2025-04-18T16:43:52 IST" duration-ms="29" status="PASS">
          <reporter-output>
          </reporter-output>
        </test-method> <!-- validateHomePageTitleTest -->
        <test-method is-config="true" signature="tearDown()[pri:0, instance:com.qa.crm.testcases.HomePageTest@5be6e01c]" started-at="2025-04-18T16:43:52 IST" name="tearDown" finished-at="2025-04-18T16:43:53 IST" duration-ms="214" status="PASS">
          <reporter-output>
          </reporter-output>
        </test-method> <!-- tearDown -->
        <test-method is-config="true" signature="SetUp()[pri:0, instance:com.qa.crm.testcases.HomePageTest@5be6e01c]" started-at="2025-04-18T16:43:53 IST" name="SetUp" finished-at="2025-04-18T16:44:22 IST" duration-ms="29880" status="PASS">
          <reporter-output>
          </reporter-output>
        </test-method> <!-- SetUp -->
        <test-method signature="verifyLoginUserNameTest()[pri:2, instance:com.qa.crm.testcases.HomePageTest@5be6e01c]" started-at="2025-04-18T16:44:22 IST" name="verifyLoginUserNameTest" finished-at="2025-04-18T16:44:23 IST" duration-ms="207" status="PASS">
          <reporter-output>
          </reporter-output>
        </test-method> <!-- verifyLoginUserNameTest -->
        <test-method is-config="true" signature="tearDown()[pri:0, instance:com.qa.crm.testcases.HomePageTest@5be6e01c]" started-at="2025-04-18T16:44:23 IST" name="tearDown" finished-at="2025-04-18T16:44:23 IST" duration-ms="288" status="PASS">
          <reporter-output>
          </reporter-output>
        </test-method> <!-- tearDown -->
        <test-method is-config="true" signature="SetUp()[pri:0, instance:com.qa.crm.testcases.HomePageTest@5be6e01c]" started-at="2025-04-18T16:44:23 IST" name="SetUp" finished-at="2025-04-18T16:44:50 IST" duration-ms="27024" status="PASS">
          <reporter-output>
          </reporter-output>
        </test-method> <!-- SetUp -->
        <test-method signature="clickOnContactsLinkTest()[pri:3, instance:com.qa.crm.testcases.HomePageTest@5be6e01c]" started-at="2025-04-18T16:44:50 IST" name="clickOnContactsLinkTest" finished-at="2025-04-18T16:44:51 IST" duration-ms="1034" status="PASS">
          <reporter-output>
          </reporter-output>
        </test-method> <!-- clickOnContactsLinkTest -->
        <test-method is-config="true" signature="tearDown()[pri:0, instance:com.qa.crm.testcases.HomePageTest@5be6e01c]" started-at="2025-04-18T16:44:51 IST" name="tearDown" finished-at="2025-04-18T16:44:51 IST" duration-ms="142" status="PASS">
          <reporter-output>
          </reporter-output>
        </test-method> <!-- tearDown -->
      </class> <!-- com.qa.crm.testcases.HomePageTest -->
    </test> <!-- Test -->
  </suite> <!-- Suite -->
</testng-results>
