<?xml version="1.0" encoding="UTF-8"?>
<testng-results ignored="0" total="13" passed="13" failed="0" skipped="0">
  <reporter-output>
  </reporter-output>
  <suite started-at="2025-04-16T23:59:16 IST" name="Testing Free CRM  Application" finished-at="2025-04-17T00:05:18 IST" duration-ms="361895">
    <groups>
    </groups>
    <test started-at="2025-04-16T23:59:16 IST" name="CRM Test Cases" finished-at="2025-04-17T00:05:18 IST" duration-ms="361895">
      <class name="com.qa.crm.testcases.ContactsPageTest">
        <test-method is-config="true" signature="SetUp()[pri:0, instance:com.qa.crm.testcases.ContactsPageTest@1e4f4a5c]" started-at="2025-04-17T00:01:28 IST" name="SetUp" finished-at="2025-04-17T00:01:55 IST" duration-ms="27151" status="PASS">
          <reporter-output>
          </reporter-output>
        </test-method> <!-- SetUp -->
        <test-method signature="verifyContactsPageLableTest()[pri:1, instance:com.qa.crm.testcases.ContactsPageTest@1e4f4a5c]" started-at="2025-04-17T00:01:55 IST" name="verifyContactsPageLableTest" finished-at="2025-04-17T00:01:56 IST" duration-ms="1288" status="PASS">
          <reporter-output>
          </reporter-output>
        </test-method> <!-- verifyContactsPageLableTest -->
        <test-method is-config="true" signature="tearDown()[pri:0, instance:com.qa.crm.testcases.ContactsPageTest@1e4f4a5c]" started-at="2025-04-17T00:01:56 IST" name="tearDown" finished-at="2025-04-17T00:01:57 IST" duration-ms="379" status="PASS">
          <reporter-output>
          </reporter-output>
        </test-method> <!-- tearDown -->
        <test-method is-config="true" signature="SetUp()[pri:0, instance:com.qa.crm.testcases.ContactsPageTest@1e4f4a5c]" started-at="2025-04-17T00:01:57 IST" name="SetUp" finished-at="2025-04-17T00:02:24 IST" duration-ms="27089" status="PASS">
          <reporter-output>
          </reporter-output>
        </test-method> <!-- SetUp -->
        <test-method signature="verifySelectMultipleContacts()[pri:2, instance:com.qa.crm.testcases.ContactsPageTest@1e4f4a5c]" started-at="2025-04-17T00:02:24 IST" name="verifySelectMultipleContacts" finished-at="2025-04-17T00:02:25 IST" duration-ms="1724" status="PASS">
          <reporter-output>
          </reporter-output>
        </test-method> <!-- verifySelectMultipleContacts -->
        <test-method is-config="true" signature="tearDown()[pri:0, instance:com.qa.crm.testcases.ContactsPageTest@1e4f4a5c]" started-at="2025-04-17T00:02:25 IST" name="tearDown" finished-at="2025-04-17T00:02:26 IST" duration-ms="378" status="PASS">
          <reporter-output>
          </reporter-output>
        </test-method> <!-- tearDown -->
        <test-method is-config="true" signature="SetUp()[pri:0, instance:com.qa.crm.testcases.ContactsPageTest@1e4f4a5c]" started-at="2025-04-17T00:02:26 IST" name="SetUp" finished-at="2025-04-17T00:02:53 IST" duration-ms="27225" status="PASS">
          <reporter-output>
          </reporter-output>
        </test-method> <!-- SetUp -->
        <test-method signature="verifySelectSingleContacts()[pri:2, instance:com.qa.crm.testcases.ContactsPageTest@1e4f4a5c]" started-at="2025-04-17T00:02:53 IST" name="verifySelectSingleContacts" finished-at="2025-04-17T00:02:54 IST" duration-ms="1372" status="PASS">
          <reporter-output>
          </reporter-output>
        </test-method> <!-- verifySelectSingleContacts -->
        <test-method is-config="true" signature="tearDown()[pri:0, instance:com.qa.crm.testcases.ContactsPageTest@1e4f4a5c]" started-at="2025-04-17T00:02:54 IST" name="tearDown" finished-at="2025-04-17T00:02:55 IST" duration-ms="382" status="PASS">
          <reporter-output>
          </reporter-output>
        </test-method> <!-- tearDown -->
        <test-method is-config="true" signature="SetUp()[pri:0, instance:com.qa.crm.testcases.ContactsPageTest@1e4f4a5c]" started-at="2025-04-17T00:02:57 IST" name="SetUp" finished-at="2025-04-17T00:03:24 IST" duration-ms="26982" status="PASS">
          <reporter-output>
          </reporter-output>
        </test-method> <!-- SetUp -->
        <test-method signature="verifyCreateNewContacts(java.lang.String,java.lang.String,java.lang.String,java.lang.String)[pri:4, instance:com.qa.crm.testcases.ContactsPageTest@1e4f4a5c]" started-at="2025-04-17T00:03:24 IST" name="verifyCreateNewContacts" data-provider="getCRMTestData" finished-at="2025-04-17T00:03:31 IST" duration-ms="7162" status="PASS">
          <params>
            <param index="0">
              <value>
                <![CDATA[Mr.]]>
              </value>
            </param>
            <param index="1">
              <value>
                <![CDATA[Mahesh]]>
              </value>
            </param>
            <param index="2">
              <value>
                <![CDATA[Wadgure]]>
              </value>
            </param>
            <param index="3">
              <value>
                <![CDATA[Vicon]]>
              </value>
            </param>
          </params>
          <reporter-output>
          </reporter-output>
        </test-method> <!-- verifyCreateNewContacts -->
        <test-method is-config="true" signature="tearDown()[pri:0, instance:com.qa.crm.testcases.ContactsPageTest@1e4f4a5c]" started-at="2025-04-17T00:03:31 IST" name="tearDown" finished-at="2025-04-17T00:03:33 IST" duration-ms="2268" status="PASS">
          <reporter-output>
          </reporter-output>
        </test-method> <!-- tearDown -->
        <test-method is-config="true" signature="SetUp()[pri:0, instance:com.qa.crm.testcases.ContactsPageTest@1e4f4a5c]" started-at="2025-04-17T00:03:33 IST" name="SetUp" finished-at="2025-04-17T00:04:01 IST" duration-ms="28359" status="PASS">
          <reporter-output>
          </reporter-output>
        </test-method> <!-- SetUp -->
        <test-method signature="verifyCreateNewContacts(java.lang.String,java.lang.String,java.lang.String,java.lang.String)[pri:4, instance:com.qa.crm.testcases.ContactsPageTest@1e4f4a5c]" started-at="2025-04-17T00:04:01 IST" name="verifyCreateNewContacts" data-provider="getCRMTestData" finished-at="2025-04-17T00:04:08 IST" duration-ms="6166" status="PASS">
          <params>
            <param index="0">
              <value>
                <![CDATA[Mr.]]>
              </value>
            </param>
            <param index="1">
              <value>
                <![CDATA[Ramesh]]>
              </value>
            </param>
            <param index="2">
              <value>
                <![CDATA[Vanve]]>
              </value>
            </param>
            <param index="3">
              <value>
                <![CDATA[ChandaCoalMine]]>
              </value>
            </param>
          </params>
          <reporter-output>
          </reporter-output>
        </test-method> <!-- verifyCreateNewContacts -->
        <test-method is-config="true" signature="tearDown()[pri:0, instance:com.qa.crm.testcases.ContactsPageTest@1e4f4a5c]" started-at="2025-04-17T00:04:08 IST" name="tearDown" finished-at="2025-04-17T00:04:08 IST" duration-ms="377" status="PASS">
          <reporter-output>
          </reporter-output>
        </test-method> <!-- tearDown -->
        <test-method is-config="true" signature="SetUp()[pri:0, instance:com.qa.crm.testcases.ContactsPageTest@1e4f4a5c]" started-at="2025-04-17T00:04:08 IST" name="SetUp" finished-at="2025-04-17T00:04:35 IST" duration-ms="26958" status="PASS">
          <reporter-output>
          </reporter-output>
        </test-method> <!-- SetUp -->
        <test-method signature="verifyCreateNewContacts(java.lang.String,java.lang.String,java.lang.String,java.lang.String)[pri:4, instance:com.qa.crm.testcases.ContactsPageTest@1e4f4a5c]" started-at="2025-04-17T00:04:35 IST" name="verifyCreateNewContacts" data-provider="getCRMTestData" finished-at="2025-04-17T00:04:42 IST" duration-ms="7075" status="PASS">
          <params>
            <param index="0">
              <value>
                <![CDATA[Mr.]]>
              </value>
            </param>
            <param index="1">
              <value>
                <![CDATA[Vishal]]>
              </value>
            </param>
            <param index="2">
              <value>
                <![CDATA[Dhote]]>
              </value>
            </param>
            <param index="3">
              <value>
                <![CDATA[Cognizant]]>
              </value>
            </param>
          </params>
          <reporter-output>
          </reporter-output>
        </test-method> <!-- verifyCreateNewContacts -->
        <test-method is-config="true" signature="tearDown()[pri:0, instance:com.qa.crm.testcases.ContactsPageTest@1e4f4a5c]" started-at="2025-04-17T00:04:42 IST" name="tearDown" finished-at="2025-04-17T00:04:42 IST" duration-ms="459" status="PASS">
          <reporter-output>
          </reporter-output>
        </test-method> <!-- tearDown -->
        <test-method is-config="true" signature="SetUp()[pri:0, instance:com.qa.crm.testcases.ContactsPageTest@1e4f4a5c]" started-at="2025-04-17T00:04:42 IST" name="SetUp" finished-at="2025-04-17T00:05:11 IST" duration-ms="28168" status="PASS">
          <reporter-output>
          </reporter-output>
        </test-method> <!-- SetUp -->
        <test-method signature="verifyCreateNewContacts(java.lang.String,java.lang.String,java.lang.String,java.lang.String)[pri:4, instance:com.qa.crm.testcases.ContactsPageTest@1e4f4a5c]" started-at="2025-04-17T00:05:11 IST" name="verifyCreateNewContacts" data-provider="getCRMTestData" finished-at="2025-04-17T00:05:17 IST" duration-ms="6696" status="PASS">
          <params>
            <param index="0">
              <value>
                <![CDATA[Mr.]]>
              </value>
            </param>
            <param index="1">
              <value>
                <![CDATA[Mandar]]>
              </value>
            </param>
            <param index="2">
              <value>
                <![CDATA[Musrif]]>
              </value>
            </param>
            <param index="3">
              <value>
                <![CDATA[Vicon]]>
              </value>
            </param>
          </params>
          <reporter-output>
          </reporter-output>
        </test-method> <!-- verifyCreateNewContacts -->
        <test-method is-config="true" signature="tearDown()[pri:0, instance:com.qa.crm.testcases.ContactsPageTest@1e4f4a5c]" started-at="2025-04-17T00:05:17 IST" name="tearDown" finished-at="2025-04-17T00:05:18 IST" duration-ms="613" status="PASS">
          <reporter-output>
          </reporter-output>
        </test-method> <!-- tearDown -->
      </class> <!-- com.qa.crm.testcases.ContactsPageTest -->
      <class name="com.qa.crm.testcases.LoginPageTest">
        <test-method is-config="true" signature="setUp()[pri:0, instance:com.qa.crm.testcases.LoginPageTest@2eae8e6e]" started-at="2025-04-16T23:59:16 IST" name="setUp" finished-at="2025-04-16T23:59:32 IST" duration-ms="16389" status="PASS">
          <reporter-output>
          </reporter-output>
        </test-method> <!-- setUp -->
        <test-method signature="validateLoginPageTitleTest()[pri:1, instance:com.qa.crm.testcases.LoginPageTest@2eae8e6e]" started-at="2025-04-16T23:59:32 IST" name="validateLoginPageTitleTest" finished-at="2025-04-16T23:59:33 IST" duration-ms="55" status="PASS">
          <reporter-output>
          </reporter-output>
        </test-method> <!-- validateLoginPageTitleTest -->
        <test-method is-config="true" signature="tearDown()[pri:0, instance:com.qa.crm.testcases.LoginPageTest@2eae8e6e]" started-at="2025-04-16T23:59:33 IST" name="tearDown" finished-at="2025-04-16T23:59:33 IST" duration-ms="606" status="PASS">
          <reporter-output>
          </reporter-output>
        </test-method> <!-- tearDown -->
        <test-method is-config="true" signature="setUp()[pri:0, instance:com.qa.crm.testcases.LoginPageTest@2eae8e6e]" started-at="2025-04-16T23:59:33 IST" name="setUp" finished-at="2025-04-16T23:59:46 IST" duration-ms="12971" status="PASS">
          <reporter-output>
          </reporter-output>
        </test-method> <!-- setUp -->
        <test-method signature="validateLoginPageLogoTest()[pri:2, instance:com.qa.crm.testcases.LoginPageTest@2eae8e6e]" started-at="2025-04-16T23:59:46 IST" name="validateLoginPageLogoTest" finished-at="2025-04-16T23:59:46 IST" duration-ms="220" status="PASS">
          <reporter-output>
          </reporter-output>
        </test-method> <!-- validateLoginPageLogoTest -->
        <test-method is-config="true" signature="tearDown()[pri:0, instance:com.qa.crm.testcases.LoginPageTest@2eae8e6e]" started-at="2025-04-16T23:59:46 IST" name="tearDown" finished-at="2025-04-16T23:59:47 IST" duration-ms="479" status="PASS">
          <reporter-output>
          </reporter-output>
        </test-method> <!-- tearDown -->
        <test-method is-config="true" signature="setUp()[pri:0, instance:com.qa.crm.testcases.LoginPageTest@2eae8e6e]" started-at="2025-04-16T23:59:47 IST" name="setUp" finished-at="2025-04-17T00:00:00 IST" duration-ms="13501" status="PASS">
          <reporter-output>
          </reporter-output>
        </test-method> <!-- setUp -->
        <test-method signature="logiTest()[pri:3, instance:com.qa.crm.testcases.LoginPageTest@2eae8e6e]" started-at="2025-04-17T00:00:00 IST" name="logiTest" finished-at="2025-04-17T00:00:01 IST" duration-ms="991" status="PASS">
          <reporter-output>
          </reporter-output>
        </test-method> <!-- logiTest -->
        <test-method is-config="true" signature="tearDown()[pri:0, instance:com.qa.crm.testcases.LoginPageTest@2eae8e6e]" started-at="2025-04-17T00:00:01 IST" name="tearDown" finished-at="2025-04-17T00:00:02 IST" duration-ms="503" status="PASS">
          <reporter-output>
          </reporter-output>
        </test-method> <!-- tearDown -->
      </class> <!-- com.qa.crm.testcases.LoginPageTest -->
      <class name="com.qa.crm.testcases.HomePageTest">
        <test-method is-config="true" signature="SetUp()[pri:0, instance:com.qa.crm.testcases.HomePageTest@909217e]" started-at="2025-04-17T00:00:02 IST" name="SetUp" finished-at="2025-04-17T00:00:29 IST" duration-ms="27084" status="PASS">
          <reporter-output>
          </reporter-output>
        </test-method> <!-- SetUp -->
        <test-method signature="validateHomePageTitleTest()[pri:1, instance:com.qa.crm.testcases.HomePageTest@909217e]" started-at="2025-04-17T00:00:29 IST" name="validateHomePageTitleTest" finished-at="2025-04-17T00:00:29 IST" duration-ms="20" status="PASS">
          <reporter-output>
          </reporter-output>
        </test-method> <!-- validateHomePageTitleTest -->
        <test-method is-config="true" signature="tearDown()[pri:0, instance:com.qa.crm.testcases.HomePageTest@909217e]" started-at="2025-04-17T00:00:29 IST" name="tearDown" finished-at="2025-04-17T00:00:29 IST" duration-ms="231" status="PASS">
          <reporter-output>
          </reporter-output>
        </test-method> <!-- tearDown -->
        <test-method is-config="true" signature="SetUp()[pri:0, instance:com.qa.crm.testcases.HomePageTest@909217e]" started-at="2025-04-17T00:00:29 IST" name="SetUp" finished-at="2025-04-17T00:00:56 IST" duration-ms="26461" status="PASS">
          <reporter-output>
          </reporter-output>
        </test-method> <!-- SetUp -->
        <test-method signature="verifyLoginUserNameTest()[pri:2, instance:com.qa.crm.testcases.HomePageTest@909217e]" started-at="2025-04-17T00:00:56 IST" name="verifyLoginUserNameTest" finished-at="2025-04-17T00:00:56 IST" duration-ms="205" status="PASS">
          <reporter-output>
          </reporter-output>
        </test-method> <!-- verifyLoginUserNameTest -->
        <test-method is-config="true" signature="tearDown()[pri:0, instance:com.qa.crm.testcases.HomePageTest@909217e]" started-at="2025-04-17T00:00:56 IST" name="tearDown" finished-at="2025-04-17T00:00:56 IST" duration-ms="436" status="PASS">
          <reporter-output>
          </reporter-output>
        </test-method> <!-- tearDown -->
        <test-method is-config="true" signature="SetUp()[pri:0, instance:com.qa.crm.testcases.HomePageTest@909217e]" started-at="2025-04-17T00:00:56 IST" name="SetUp" finished-at="2025-04-17T00:01:27 IST" duration-ms="30288" status="PASS">
          <reporter-output>
          </reporter-output>
        </test-method> <!-- SetUp -->
        <test-method signature="clickOnContactsLinkTest()[pri:3, instance:com.qa.crm.testcases.HomePageTest@909217e]" started-at="2025-04-17T00:01:27 IST" name="clickOnContactsLinkTest" finished-at="2025-04-17T00:01:27 IST" duration-ms="876" status="PASS">
          <reporter-output>
          </reporter-output>
        </test-method> <!-- clickOnContactsLinkTest -->
        <test-method is-config="true" signature="tearDown()[pri:0, instance:com.qa.crm.testcases.HomePageTest@909217e]" started-at="2025-04-17T00:01:27 IST" name="tearDown" finished-at="2025-04-17T00:01:28 IST" duration-ms="285" status="PASS">
          <reporter-output>
          </reporter-output>
        </test-method> <!-- tearDown -->
      </class> <!-- com.qa.crm.testcases.HomePageTest -->
    </test> <!-- CRM Test Cases -->
  </suite> <!-- Testing Free CRM  Application -->
</testng-results>
