<?xml version="1.0" encoding="UTF-8"?>
<!-- Generated by org.testng.reporters.JUnitXMLReporter -->
<testsuite ignored="0" hostname="DESKTOP-8D801LO" failures="0" tests="13" name="CRM Test Cases" time="361.895" errors="0" timestamp="2025-04-17T00:05:18 IST">
  <testcase classname="com.qa.crm.testcases.LoginPageTest" name="validateLoginPageTitleTest" time="0.055"/>
  <testcase classname="com.qa.crm.testcases.LoginPageTest" name="validateLoginPageLogoTest" time="0.22"/>
  <testcase classname="com.qa.crm.testcases.LoginPageTest" name="logiTest" time="0.991"/>
  <testcase classname="com.qa.crm.testcases.HomePageTest" name="validateHomePageTitleTest" time="0.02"/>
  <testcase classname="com.qa.crm.testcases.HomePageTest" name="verifyLoginUserNameTest" time="0.205"/>
  <testcase classname="com.qa.crm.testcases.HomePageTest" name="clickOnContactsLinkTest" time="0.876"/>
  <testcase classname="com.qa.crm.testcases.ContactsPageTest" name="verifyContactsPageLableTest" time="1.288"/>
  <testcase classname="com.qa.crm.testcases.ContactsPageTest" name="verifySelectMultipleContacts" time="1.724"/>
  <testcase classname="com.qa.crm.testcases.ContactsPageTest" name="verifySelectSingleContacts" time="1.372"/>
  <testcase classname="com.qa.crm.testcases.ContactsPageTest" name="verifyCreateNewContacts" time="7.162"/>
  <testcase classname="com.qa.crm.testcases.ContactsPageTest" name="verifyCreateNewContacts" time="6.166"/>
  <testcase classname="com.qa.crm.testcases.ContactsPageTest" name="verifyCreateNewContacts" time="7.075"/>
  <testcase classname="com.qa.crm.testcases.ContactsPageTest" name="verifyCreateNewContacts" time="6.696"/>
</testsuite> <!-- CRM Test Cases -->
